2020-05-22 14:50:51,738 [Worker-3: Loading available Gradle versions] INFO  o.e.b.c.i.u.g.PublishedGradleVersions - Gradle version information cache is up-to-date. Trying to read.
2020-05-25 09:13:59,886 [Worker-4: Loading available Gradle versions] INFO  o.e.b.c.i.u.g.PublishedGradleVersions - Gradle version information cache is out-of-date. Trying to update.
2020-05-26 09:17:32,253 [Worker-5: Loading available Gradle versions] INFO  o.e.b.c.i.u.g.PublishedGradleVersions - Gradle version information cache is out-of-date. Trying to update.
2020-05-26 09:20:34,759 [Worker-1: Auto share git projects] WARN  org.eclipse.jgit.util.FS - Cannot run program "git" (in directory "\usr\bin"): CreateProcess error=2, 지정된 파일을 찾을 수 없습니다
2020-05-26 12:01:25,861 [Worker-3: Loading available Gradle versions] INFO  o.e.b.c.i.u.g.PublishedGradleVersions - Gradle version information cache is up-to-date. Trying to read.
2020-05-26 12:01:32,531 [Worker-1: Decoration Calculation] WARN  org.eclipse.jgit.util.FS - Cannot run program "git" (in directory "\usr\bin"): CreateProcess error=2, 지정된 파일을 찾을 수 없습니다
2020-05-26 12:07:48,963 [Worker-4: Loading available Gradle versions] INFO  o.e.b.c.i.u.g.PublishedGradleVersions - Gradle version information cache is up-to-date. Trying to read.
2020-05-26 12:07:57,696 [Worker-2: Decoration Calculation] WARN  org.eclipse.jgit.util.FS - Cannot run program "git" (in directory "\usr\bin"): CreateProcess error=2, 지정된 파일을 찾을 수 없습니다
2020-05-27 10:08:21,449 [Worker-0: Loading available Gradle versions] INFO  o.e.b.c.i.u.g.PublishedGradleVersions - Gradle version information cache is out-of-date. Trying to update.
2020-05-27 10:08:31,524 [Worker-4: Decoration Calculation] WARN  org.eclipse.jgit.util.FS - Cannot run program "git" (in directory "\usr\bin"): CreateProcess error=2, 지정된 파일을 찾을 수 없습니다
2020-05-28 09:18:43,107 [Worker-6: Loading available Gradle versions] INFO  o.e.b.c.i.u.g.PublishedGradleVersions - Gradle version information cache is up-to-date. Trying to read.
2020-05-28 09:18:48,256 [Worker-4: Decoration Calculation] WARN  org.eclipse.jgit.util.FS - Cannot run program "git" (in directory "\usr\bin"): CreateProcess error=2, 지정된 파일을 찾을 수 없습니다
2020-05-28 11:07:04,091 [Worker-1: Loading available Gradle versions] INFO  o.e.b.c.i.u.g.PublishedGradleVersions - Gradle version information cache is up-to-date. Trying to read.
2020-05-28 11:07:11,407 [Worker-7: Refreshing workspace] WARN  org.eclipse.jgit.util.FS - Cannot run program "git" (in directory "\usr\bin"): CreateProcess error=2, 지정된 파일을 찾을 수 없습니다
2020-05-29 09:09:27,641 [Worker-1: Loading available Gradle versions] INFO  o.e.b.c.i.u.g.PublishedGradleVersions - Gradle version information cache is up-to-date. Trying to read.
2020-05-29 09:09:32,957 [Worker-2: Decoration Calculation] WARN  org.eclipse.jgit.util.FS - Cannot run program "git" (in directory "\usr\bin"): CreateProcess error=2, 지정된 파일을 찾을 수 없습니다
2020-06-01 09:13:08,105 [Worker-2: Loading available Gradle versions] INFO  o.e.b.c.i.u.g.PublishedGradleVersions - Gradle version information cache is out-of-date. Trying to update.
2020-06-01 09:13:25,167 [Worker-3: Decoration Calculation] WARN  org.eclipse.jgit.util.FS - Cannot run program "git" (in directory "\usr\bin"): CreateProcess error=2, 지정된 파일을 찾을 수 없습니다
2020-06-02 09:07:11,771 [Worker-4: Loading available Gradle versions] INFO  o.e.b.c.i.u.g.PublishedGradleVersions - Gradle version information cache is up-to-date. Trying to read.
2020-06-02 09:07:23,897 [Worker-0: Decoration Calculation] WARN  org.eclipse.jgit.util.FS - Cannot run program "git" (in directory "\usr\bin"): CreateProcess error=2, 지정된 파일을 찾을 수 없습니다
2020-06-03 09:07:12,281 [Worker-3: Loading available Gradle versions] INFO  o.e.b.c.i.u.g.PublishedGradleVersions - Gradle version information cache is out-of-date. Trying to update.
2020-06-03 09:07:19,153 [Worker-2: Decoration Calculation] WARN  org.eclipse.jgit.util.FS - Cannot run program "git" (in directory "\usr\bin"): CreateProcess error=2, 지정된 파일을 찾을 수 없습니다
2020-06-04 09:08:40,600 [Worker-2: Loading available Gradle versions] INFO  o.e.b.c.i.u.g.PublishedGradleVersions - Gradle version information cache is out-of-date. Trying to update.
2020-06-04 09:08:49,947 [Worker-1: Decoration Calculation] WARN  org.eclipse.jgit.util.FS - Cannot run program "git" (in directory "\usr\bin"): CreateProcess error=2, 지정된 파일을 찾을 수 없습니다
2020-06-04 16:14:50,329 [Worker-2: Loading available Gradle versions] INFO  o.e.b.c.i.u.g.PublishedGradleVersions - Gradle version information cache is up-to-date. Trying to read.
2020-06-04 16:14:59,174 [main] WARN  org.eclipse.jgit.util.FS - Cannot run program "git" (in directory "\usr\bin"): CreateProcess error=2, 지정된 파일을 찾을 수 없습니다
2020-06-05 09:03:56,148 [Worker-3: Loading available Gradle versions] INFO  o.e.b.c.i.u.g.PublishedGradleVersions - Gradle version information cache is up-to-date. Trying to read.
2020-06-05 09:04:03,148 [Worker-5: Decoration Calculation] WARN  org.eclipse.jgit.util.FS - Cannot run program "git" (in directory "\usr\bin"): CreateProcess error=2, 지정된 파일을 찾을 수 없습니다
2020-06-08 09:13:20,599 [Worker-2: Loading available Gradle versions] INFO  o.e.b.c.i.u.g.PublishedGradleVersions - Gradle version information cache is out-of-date. Trying to update.
2020-06-08 09:13:40,248 [Worker-4: Decoration Calculation] WARN  org.eclipse.jgit.util.FS - Cannot run program "git" (in directory "\usr\bin"): CreateProcess error=2, 지정된 파일을 찾을 수 없습니다
2020-06-09 09:10:23,360 [Worker-2: Loading available Gradle versions] INFO  o.e.b.c.i.u.g.PublishedGradleVersions - Gradle version information cache is up-to-date. Trying to read.
2020-06-09 09:10:34,296 [Worker-0: Decoration Calculation] WARN  org.eclipse.jgit.util.FS - Cannot run program "git" (in directory "\usr\bin"): CreateProcess error=2, 지정된 파일을 찾을 수 없습니다
2020-06-10 09:09:59,214 [Worker-2: Loading available Gradle versions] INFO  o.e.b.c.i.u.g.PublishedGradleVersions - Gradle version information cache is out-of-date. Trying to update.
2020-06-10 09:10:08,458 [Worker-1: Decoration Calculation] WARN  org.eclipse.jgit.util.FS - Cannot run program "git" (in directory "\usr\bin"): CreateProcess error=2, 지정된 파일을 찾을 수 없습니다
2020-06-11 09:18:51,897 [Worker-1: Loading available Gradle versions] INFO  o.e.b.c.i.u.g.PublishedGradleVersions - Gradle version information cache is out-of-date. Trying to update.
2020-06-11 09:19:04,576 [Worker-2: Decoration Calculation] WARN  org.eclipse.jgit.util.FS - Cannot run program "git" (in directory "\usr\bin"): CreateProcess error=2, 지정된 파일을 찾을 수 없습니다
2020-06-12 09:10:08,121 [Worker-2: Loading available Gradle versions] INFO  o.e.b.c.i.u.g.PublishedGradleVersions - Gradle version information cache is up-to-date. Trying to read.
2020-06-12 09:10:20,036 [Worker-0: Decoration Calculation] WARN  org.eclipse.jgit.util.FS - Cannot run program "git" (in directory "\usr\bin"): CreateProcess error=2, 지정된 파일을 찾을 수 없습니다
2020-06-15 09:04:01,494 [Worker-1: Loading available Gradle versions] INFO  o.e.b.c.i.u.g.PublishedGradleVersions - Gradle version information cache is out-of-date. Trying to update.
2020-06-15 09:04:09,575 [Worker-3: Decoration Calculation] WARN  org.eclipse.jgit.util.FS - Cannot run program "git" (in directory "\usr\bin"): CreateProcess error=2, 지정된 파일을 찾을 수 없습니다
